root - INFO - INFO: Importing file: (./data/bank_data.csv)
root - INFO - SUCCESS: File imported, dataframe created containing 10127 rows.
root - INFO - INFO: performing eda
root - INFO - INFO: churn_status.png image is created in ./images/
root - INFO - INFO: customer_age.png image is created in ./images/
root - INFO - INFO: marital_status.png image is created in ./images/
root - INFO - INFO: total_trans_ct.png image is created in ./images/
root - INFO - INFO: columns_corr_heatmap.png image is created in ./images/
root - INFO - SUCCESS: all eda images are created in ./images/
root - INFO - INFO: encoding category list: ['Gender', 'Education_Level', 'Marital_Status', 'Income_Category', 'Card_Category'] with related column: Churn
root - INFO - SUCCESS: Added new category encoded column (Gender_Churn)
root - INFO - SUCCESS: Added new category encoded column (Education_Level_Churn)
root - INFO - SUCCESS: Added new category encoded column (Marital_Status_Churn)
root - INFO - SUCCESS: Added new category encoded column (Income_Category_Churn)
root - INFO - SUCCESS: Added new category encoded column (Card_Category_Churn)
root - INFO - INFO: Preparing train and test data - features: ['Customer_Age', 'Dependent_count', 'Months_on_book', 'Total_Relationship_Count', 'Months_Inactive_12_mon', 'Contacts_Count_12_mon', 'Credit_Limit', 'Total_Revolving_Bal', 'Avg_Open_To_Buy', 'Total_Amt_Chng_Q4_Q1', 'Total_Trans_Amt', 'Total_Trans_Ct', 'Total_Ct_Chng_Q4_Q1', 'Avg_Utilization_Ratio', 'Gender_Churn', 'Education_Level_Churn', 'Marital_Status_Churn', 'Income_Category_Churn', 'Card_Category_Churn'] and target: Churn
root - INFO - INFO: classification report generation
root - INFO - SUCCESS: classification report image saved as ./images/classification_report_lr.png
root - INFO - INFO: classification report generation
root - INFO - SUCCESS: classification report image saved as ./images/classification_report_rf.png
root - INFO - INFO: feature importance plot generation
root - INFO - SUCCESS: image saved as ./images/feature_importance.png
root - INFO - INFO: roc comparison image generation
root - INFO - SUCCESS: roc image saved as ./images/roc_curve_comparison.png
